android/app/mapping.txt
# compiler: R8
# compiler_version: 2.1.62
# min_api: 21
# pg_map_id: 95aa6c8
# common_typos_disable
com.sinosoft.doctor_project.MainApplication -> com.sinosoft.doctor_project.a:
com.sinosoft.doctor_project.SophixStubApplication -> com.sinosoft.doctor_project.SophixStubApplication:
    boolean isRelaunch -> a
    void initSophix() -> a
com.sinosoft.doctor_project.SophixStubApplication$1 -> com.sinosoft.doctor_project.b:
...
androidx.fragment.app.FragmentTransaction -> androidx.fragment.app.M:
    java.lang.String mName -> i
    int mBreadCrumbShortTitleRes -> l
    boolean mReorderingAllowed -> p
    int mBreadCrumbTitleRes -> j
    int mTransition -> f
    int mTransitionStyle -> g
    int mPopEnterAnim -> d
    int mPopExitAnim -> e
    int mEnterAnim -> b
    int mExitAnim -> c
    java.util.ArrayList mOps -> a
    java.lang.CharSequence mBreadCrumbTitleText -> k
    java.util.ArrayList mSharedElementTargetNames -> o
    java.lang.CharSequence mBreadCrumbShortTitleText -> m
    java.util.ArrayList mSharedElementSourceNames -> n
    boolean mAddToBackStack -> h
    java.util.ArrayList mCommitRunnables -> q
    androidx.fragment.app.FragmentTransaction add(androidx.fragment.app.Fragment,java.lang.String) -> b
    void addOp(androidx.fragment.app.FragmentTransaction$Op) -> c
    int commitAllowingStateLoss() -> d
    void doAddOp(int,androidx.fragment.app.Fragment,java.lang.String,int) -> e
androidx.fragment.app.FragmentTransaction$Op -> androidx.fragment.app.L:
    int mPopExitAnim -> f
    androidx.fragment.app.Fragment mFragment -> b
    int mExitAnim -> d
    androidx.lifecycle.Lifecycle$State mCurrentMaxState -> h
    int mPopEnterAnim -> e
    androidx.lifecycle.Lifecycle$State mOldMaxState -> g
    int mEnterAnim -> c
    int mCmd -> a
androidx.fragment.app.FragmentTransition -> androidx.fragment.app.T:
    androidx.fragment.app.FragmentTransitionImpl PLATFORM_IMPL -> b
    androidx.fragment.app.FragmentTransitionImpl SUPPORT_IMPL -> c
    int[] INVERSE_OPS -> a
    void setOutEpicenter(androidx.fragment.app.FragmentTransitionImpl,java.lang.Object,java.lang.Object,androidx.collection.ArrayMap,boolean,androidx.fragment.app.BackStackRecord) -> A
    void setViewVisibility(java.util.ArrayList,int) -> B
    void startTransitions(androidx.fragment.app.FragmentManagerImpl,java.util.ArrayList,java.util.ArrayList,int,int,boolean) -> C
    void addSharedElementsWithMatchingNames(java.util.ArrayList,androidx.collection.ArrayMap,java.util.Collection) -> a
    void addToFirstInLastOut(androidx.fragment.app.BackStackRecord,androidx.fragment.app.FragmentTransaction$Op,android.util.SparseArray,boolean,boolean) -> b
    void calculateFragments(androidx.fragment.app.BackStackRecord,android.util.SparseArray,boolean) -> c
    androidx.collection.ArrayMap calculateNameOverrides(int,java.util.ArrayList,java.util.ArrayList,int,int) -> d
    void calculatePopFragments(androidx.fragment.app.BackStackRecord,android.util.SparseArray,boolean) -> e
    void callSharedElementStartEnd(androidx.fragment.app.Fragment,androidx.fragment.app.Fragment,boolean,androidx.collection.ArrayMap,boolean) -> f
    boolean canHandleAll(androidx.fragment.app.FragmentTransitionImpl,java.util.List) -> g
androidx.fragment.app.FragmentTransition$1 -> androidx.fragment.app.N:
    java.util.ArrayList val$exitingViews -> a
androidx.fragment.app.FragmentTransition$2 -> androidx.fragment.app.O:
    java.lang.Object val$exitTransition -> h
    androidx.fragment.app.FragmentTransitionImpl val$impl -> b
    java.util.ArrayList val$exitingViews -> g
    java.util.ArrayList val$enteringViews -> f
    android.view.View val$nonExistentView -> c
    java.util.ArrayList val$sharedElementsIn -> e
    java.lang.Object val$enterTransition -> a
    androidx.fragment.app.Fragment val$inFragment -> d
androidx.fragment.app.FragmentTransition$3 -> androidx.fragment.app.P:
    androidx.fragment.app.FragmentTransitionImpl val$impl -> f
    android.graphics.Rect val$epicenter -> g
    androidx.fragment.app.Fragment val$outFragment -> b
    androidx.fragment.app.Fragment val$inFragment -> a
    androidx.collection.ArrayMap val$inSharedElements -> d
    android.view.View val$epicenterView -> e
    boolean val$inIsPop -> c